*** Using Compiler 'V5.06 update 7 (build 960)', folder: 'D:\software\Keil_v5\ARM\arm5_compiler\Bin'
Build target 'HAL_Key'
compiling croutine.c...
compiling list.c...
compiling event_groups.c...
compiling timers.c...
compiling heap_4.c...
compiling stream_buffer.c...
compiling queue.c...
compiling tasks.c...
compiling port.c...
compiling stm32f1xx_it.c...
compiling freertos_demo.c...
linking...
HAL_Key\HAL_Key.axf: Error: L6218E: Undefined symbol xTimerCreate (referred from freertos_demo.o).
HAL_Key\HAL_Key.axf: Error: L6218E: Undefined symbol xTimerGenericCommand (referred from freertos_demo.o).
Not enough information to list image symbols.
Not enough information to list load addresses in the image map.
Finished: 2 information, 0 warning and 2 error messages.
"HAL_Key\HAL_Key.axf" - 2 Error(s), 0 Warning(s).
Target not created.
Build Time Elapsed:  00:00:03
